Build started 28/11/2016 10:23:53.
     1>Project "C:\Users\Tom\Desktop\BSc Computing For Games\Year 2\bsc-live-coding\COMP220\04_Cube\04_Cube.vcxproj" on node 2 (Build target(s)).
     1>ClCompile:
         C:\Program Files (x86)\Microsoft Visual Studio 14.0\VC\bin\CL.exe /c /ZI /nologo /W3 /WX- /Od /Oy- /D WIN32 /D _DEBUG /D _WINDOWS /D _UNICODE /D UNICODE /Gm /EHsc /RTC1 /MDd /GS /fp:precise /Zc:wchar_t /Zc:forScope /Zc:inline /Yu"stdafx.h" /Fp"Debug\04_Cube.pch" /Fo"Debug\\" /Fd"Debug\vc140.pdb" /Gd /TP /analyze- /errorReport:prompt 04_Cube.cpp
         04_Cube.cpp
     1>c:\users\tom\desktop\bsc computing for games\year 2\bsc-live-coding\comp220\04_cube\04_cube.cpp(183): error C2660: 'Mesh::addTriangle': function does not take 9 arguments
     1>c:\users\tom\desktop\bsc computing for games\year 2\bsc-live-coding\comp220\04_cube\04_cube.cpp(192): error C2086: 'Mesh mesh': redefinition
         c:\users\tom\desktop\bsc computing for games\year 2\bsc-live-coding\comp220\04_cube\04_cube.cpp(176): note: see declaration of 'mesh'
     1>Done Building Project "C:\Users\Tom\Desktop\BSc Computing For Games\Year 2\bsc-live-coding\COMP220\04_Cube\04_Cube.vcxproj" (Build target(s)) -- FAILED.

Build FAILED.

Time Elapsed 00:00:00.32
